Start testing: Jan 20 12:16 中国标准时间
----------------------------------------------------------
1/1 Testing: refuel_mode0_tests
1/1 Test: refuel_mode0_tests
Command: "C:/Users/24333/Desktop/university/azxm/flight-refuel/260120/refuel_demo_skeleton_whiteboxes_filled_v4/refuel_demo_skeleton_v3/build/refuel_mode0_tests.exe"
Directory: C:/Users/24333/Desktop/university/azxm/flight-refuel/260120/refuel_demo_skeleton_whiteboxes_filled_v4/refuel_demo_skeleton_v3/build
"refuel_mode0_tests" start time: Jan 20 12:16 中国标准时间
Output:
----------------------------------------------------------
[PASS] GlobalSelector picks min cost
[PASS] Mode0 smoke test (no crash on empty impl)
[PASS] Mode0 integration test (with fakes)
All tests passed (3).
<end of output>
Test time =   0.18 sec
----------------------------------------------------------
Test Passed.
"refuel_mode0_tests" end time: Jan 20 12:16 中国标准时间
"refuel_mode0_tests" time elapsed: 00:00:00
----------------------------------------------------------

End testing: Jan 20 12:16 中国标准时间
